0 info it worked if it ends with ok
1 verbose cli [ 'node', '/usr/local/bin/npm', 'install', '-g', 'ionic' ]
2 info using npm@2.1.14
3 info using node@v0.10.34
4 silly cache add args [ 'ionic', null ]
5 verbose cache add spec ionic
6 silly cache add parsed spec { raw: 'ionic',
6 silly cache add   scope: null,
6 silly cache add   name: 'ionic',
6 silly cache add   rawSpec: '',
6 silly cache add   spec: '*',
6 silly cache add   type: 'range' }
7 verbose addNamed ionic@*
8 silly addNamed semver.valid null
9 silly addNamed semver.validRange *
10 silly addNameRange { name: 'ionic', range: '*', hasData: false }
11 silly mapToRegistry name ionic
12 silly mapToRegistry using default registry
13 silly mapToRegistry registry https://registry.npmjs.org/
14 silly mapToRegistry uri https://registry.npmjs.org/ionic
15 verbose addNameRange registry:https://registry.npmjs.org/ionic not in flight; fetching
16 verbose request uri https://registry.npmjs.org/ionic
17 verbose request no auth needed
18 info attempt registry request try #1 at 12:52:28
19 verbose request id 81017b2f64e64630
20 verbose etag "BKU8VO7E8RQYIAM4VPULAS66G"
21 http request GET https://registry.npmjs.org/ionic
22 http 200 https://registry.npmjs.org/ionic
23 silly get cb [ 200,
23 silly get   { date: 'Sun, 21 Dec 2014 14:52:29 GMT',
23 silly get     server: 'CouchDB/1.5.0 (Erlang OTP/R16B03)',
23 silly get     etag: '"BUEMDKIKM84ZV9SNX0JNY6JG2"',
23 silly get     'content-type': 'application/json',
23 silly get     'cache-control': 'max-age=60',
23 silly get     'content-length': '161585',
23 silly get     'accept-ranges': 'bytes',
23 silly get     via: '1.1 varnish',
23 silly get     age: '0',
23 silly get     'x-served-by': 'cache-iad2138-IAD',
23 silly get     'x-cache': 'MISS',
23 silly get     'x-cache-hits': '0',
23 silly get     'x-timer': 'S1419173549.024133,VS0,VE51',
23 silly get     vary: 'Accept',
23 silly get     'keep-alive': 'timeout=10, max=50',
23 silly get     connection: 'Keep-Alive' } ]
24 silly addNameRange number 2 { name: 'ionic', range: '*', hasData: true }
25 silly addNameRange versions [ 'ionic',
25 silly addNameRange   [ '0.9.6',
25 silly addNameRange     '0.9.8',
25 silly addNameRange     '0.9.9',
25 silly addNameRange     '0.9.10',
25 silly addNameRange     '0.9.11',
25 silly addNameRange     '0.9.12',
25 silly addNameRange     '0.9.13',
25 silly addNameRange     '0.9.14',
25 silly addNameRange     '0.9.15',
25 silly addNameRange     '0.9.16',
25 silly addNameRange     '1.0.0-beta.1',
25 silly addNameRange     '1.0.0-beta',
25 silly addNameRange     '1.0.1-beta',
25 silly addNameRange     '1.0.3-beta',
25 silly addNameRange     '1.0.4',
25 silly addNameRange     '1.0.5',
25 silly addNameRange     '1.0.6',
25 silly addNameRange     '1.0.7',
25 silly addNameRange     '1.0.8',
25 silly addNameRange     '1.0.9',
25 silly addNameRange     '1.0.10',
25 silly addNameRange     '1.0.11',
25 silly addNameRange     '1.0.12',
25 silly addNameRange     '1.0.13',
25 silly addNameRange     '1.0.14',
25 silly addNameRange     '1.0.15',
25 silly addNameRange     '1.0.16',
25 silly addNameRange     '1.0.17',
25 silly addNameRange     '1.1.0-beta1',
25 silly addNameRange     '1.1.0-beta2',
25 silly addNameRange     '1.1.0-beta3',
25 silly addNameRange     '1.1.0-beta4',
25 silly addNameRange     '1.1.0-beta5',
25 silly addNameRange     '1.1.0-beta6',
25 silly addNameRange     '1.1.0',
25 silly addNameRange     '1.1.1-beta1',
25 silly addNameRange     '1.1.1-beta2',
25 silly addNameRange     '1.1.1-beta3',
25 silly addNameRange     '1.1.1',
25 silly addNameRange     '1.1.3',
25 silly addNameRange     '1.1.4',
25 silly addNameRange     '1.1.5-beta1',
25 silly addNameRange     '1.1.5-beta2',
25 silly addNameRange     '1.1.5-beta3',
25 silly addNameRange     '1.1.5-beta4',
25 silly addNameRange     '1.1.5-beta5',
25 silly addNameRange     '1.1.5',
25 silly addNameRange     '1.1.6',
25 silly addNameRange     '1.1.7-beta1',
25 silly addNameRange     '1.1.7',
25 silly addNameRange     '1.1.8-beta1',
25 silly addNameRange     '1.1.8-beta2',
25 silly addNameRange     '1.1.8-beta3',
25 silly addNameRange     '1.1.8-beta4',
25 silly addNameRange     '1.1.8-beta5',
25 silly addNameRange     '1.1.8',
25 silly addNameRange     '1.1.9-beta1',
25 silly addNameRange     '1.1.9',
25 silly addNameRange     '1.1.10',
25 silly addNameRange     '1.1.11-beta1',
25 silly addNameRange     '1.1.11-beta2',
25 silly addNameRange     '1.1.11',
25 silly addNameRange     '1.1.12-beta1',
25 silly addNameRange     '1.1.12-beta2',
25 silly addNameRange     '1.1.12-beta3',
25 silly addNameRange     '1.1.12',
25 silly addNameRange     '1.1.13',
25 silly addNameRange     '1.1.14-beta1',
25 silly addNameRange     '1.1.14-beta2',
25 silly addNameRange     '1.1.14-beta3',
25 silly addNameRange     '1.2.0-beta1',
25 silly addNameRange     '1.2.0',
25 silly addNameRange     '1.2.1-beta1',
25 silly addNameRange     '1.2.1-beta2',
25 silly addNameRange     '1.2.1-beta3',
25 silly addNameRange     '1.2.1-beta4',
25 silly addNameRange     '1.2.1',
25 silly addNameRange     '1.2.2',
25 silly addNameRange     '1.2.3-beta1',
25 silly addNameRange     '1.2.3-beta2',
25 silly addNameRange     '1.2.3-beta3',
25 silly addNameRange     '1.2.3',
25 silly addNameRange     '1.2.4-beta1',
25 silly addNameRange     '1.2.4-beta2',
25 silly addNameRange     '1.2.4-beta3',
25 silly addNameRange     '1.2.4',
25 silly addNameRange     '1.2.5-beta1',
25 silly addNameRange     '1.2.5-beta2',
25 silly addNameRange     '1.2.5-beta3',
25 silly addNameRange     '1.2.5',
25 silly addNameRange     '1.2.6-beta1',
25 silly addNameRange     '1.2.6-beta2',
25 silly addNameRange     '1.2.6-beta3',
25 silly addNameRange     '1.2.6',
25 silly addNameRange     '1.2.7',
25 silly addNameRange     '1.2.8-beta1',
25 silly addNameRange     '1.2.8-beta2',
25 silly addNameRange     '1.2.8',
25 silly addNameRange     '1.2.9',
25 silly addNameRange     '1.2.10',
25 silly addNameRange     '1.2.11',
25 silly addNameRange     '1.2.12',
25 silly addNameRange     '1.2.13',
25 silly addNameRange     '1.2.14-beta1' ] ]
26 verbose addNamed ionic@1.2.13
27 silly addNamed semver.valid 1.2.13
28 silly addNamed semver.validRange 1.2.13
29 silly cache afterAdd ionic@1.2.13
30 verbose afterAdd /Users/gabrielsepulveda/.npm/ionic/1.2.13/package/package.json not in flight; writing
31 verbose afterAdd /Users/gabrielsepulveda/.npm/ionic/1.2.13/package/package.json written
32 silly install resolved [ { name: 'ionic',
32 silly install resolved     version: '1.2.13',
32 silly install resolved     preferGlobal: true,
32 silly install resolved     description: 'A tool for creating and developing Ionic Framework mobile apps.',
32 silly install resolved     homepage: 'http://ionicframework.com/',
32 silly install resolved     bin: { ionic: 'bin/ionic' },
32 silly install resolved     keywords:
32 silly install resolved      [ 'ionic',
32 silly install resolved        'ionic framework',
32 silly install resolved        'ionicframework',
32 silly install resolved        'mobile',
32 silly install resolved        'app',
32 silly install resolved        'hybrid',
32 silly install resolved        'cordova',
32 silly install resolved        'phonegap' ],
32 silly install resolved     repository:
32 silly install resolved      { type: 'git',
32 silly install resolved        url: 'https://github.com/driftyco/ionic-cli.git' },
32 silly install resolved     contributors: [ [Object], [Object], [Object], [Object] ],
32 silly install resolved     license: 'MIT',
32 silly install resolved     dependencies:
32 silly install resolved      { archiver: '0.5.1',
32 silly install resolved        colors: '0.6.2',
32 silly install resolved        connect: '3.1.1',
32 silly install resolved        'cross-spawn': '0.2.3',
32 silly install resolved        'connect-livereload': '0.4.0',
32 silly install resolved        'event-stream': '3.0.x',
32 silly install resolved        finalhandler: '0.2.0',
32 silly install resolved        'form-data': '0.1.4',
32 silly install resolved        gulp: '3.8.8',
32 silly install resolved        ncp: '0.4.2',
32 silly install resolved        npm: '2.1.3',
32 silly install resolved        open: '0.0.5',
32 silly install resolved        optimist: '0.6.0',
32 silly install resolved        prompt: '0.2.12',
32 silly install resolved        progress: '1.1.7',
32 silly install resolved        'proxy-middleware': '^0.7.0',
32 silly install resolved        q: '1.0.1',
32 silly install resolved        request: '2.27.0',
32 silly install resolved        'serve-static': '1.7.1',
32 silly install resolved        shelljs: '0.2.6',
32 silly install resolved        'tiny-lr-fork': '0.0.5',
32 silly install resolved        unzip: '0.1.9',
32 silly install resolved        'vinyl-fs': '0.3.7',
32 silly install resolved        xml2js: '0.4.4',
32 silly install resolved        underscore: '~1.7.0' },
32 silly install resolved     gitHead: '9f8ba9acb76ad6785a5e000324d2572fe38cdebf',
32 silly install resolved     bugs: { url: 'https://github.com/driftyco/ionic-cli/issues' },
32 silly install resolved     _id: 'ionic@1.2.13',
32 silly install resolved     scripts: {},
32 silly install resolved     _shasum: '24e6c4aa646d73f4d62b0b75a25d5fdb117929e0',
32 silly install resolved     _from: 'ionic@*',
32 silly install resolved     _npmVersion: '2.1.10',
32 silly install resolved     _nodeVersion: '0.10.33',
32 silly install resolved     _npmUser: { name: 'drifty', email: 'max@drifty.com' },
32 silly install resolved     maintainers: [ [Object] ],
32 silly install resolved     dist:
32 silly install resolved      { shasum: '24e6c4aa646d73f4d62b0b75a25d5fdb117929e0',
32 silly install resolved        tarball: 'http://registry.npmjs.org/ionic/-/ionic-1.2.13.tgz' },
32 silly install resolved     directories: {},
32 silly install resolved     _resolved: 'https://registry.npmjs.org/ionic/-/ionic-1.2.13.tgz',
32 silly install resolved     readme: 'ERROR: No README data found!' } ]
33 info install ionic@1.2.13 into /usr/local/lib
34 info installOne ionic@1.2.13
35 verbose installOne of ionic to /usr/local/lib not in flight; installing
36 verbose lock using /Users/gabrielsepulveda/.npm/_locks/ionic-61c0cd50dc7a1457.lock for /usr/local/lib/node_modules/ionic
37 silly install write writing ionic 1.2.13 to /usr/local/lib/node_modules/ionic
38 silly cache addNamed cb ionic@1.2.13
39 verbose unbuild lib/node_modules/ionic
40 info preuninstall ionic@1.2.13
41 info uninstall ionic@1.2.13
42 verbose unbuild rmStuff ionic@1.2.13 from /usr/local/lib/node_modules
43 verbose gentlyRm verifying that /usr/local is managed by npm
44 silly isManaged /usr/local is not inside /usr/local/lib/node_modules
45 silly isManaged /usr/local is not inside /usr/local/lib/node_modules
46 silly isManaged /usr/local/bin is inside /usr/local
47 silly gentlyRm /usr/local is managed by npm
48 silly gentlyRm /usr/local/bin/ionic is under /usr/local
49 verbose gentlyRm vacuuming /usr/local/bin/ionic up to /usr/local
50 info postuninstall ionic@1.2.13
51 verbose gentlyRm vacuuming /usr/local/lib/node_modules/ionic
52 silly gentlyRm purging /usr/local/lib/node_modules/ionic
53 verbose unlock done using /Users/gabrielsepulveda/.npm/_locks/ionic-61c0cd50dc7a1457.lock for /usr/local/lib/node_modules/ionic
54 verbose stack Error: EACCES, unlink '/usr/local/lib/node_modules/ionic'
55 verbose cwd /Users/gabrielsepulveda/Documents/Development/Projects/github/dotfiles
56 error Darwin 14.0.0
57 error argv "node" "/usr/local/bin/npm" "install" "-g" "ionic"
58 error node v0.10.34
59 error npm  v2.1.14
60 error path /usr/local/lib/node_modules/ionic
61 error code EACCES
62 error errno 3
63 error Error: EACCES, unlink '/usr/local/lib/node_modules/ionic'
63 error  { [Error: EACCES, unlink '/usr/local/lib/node_modules/ionic']
63 error   errno: 3,
63 error   code: 'EACCES',
63 error   path: '/usr/local/lib/node_modules/ionic' }
64 error Please try running this command again as root/Administrator.
65 verbose exit [ 3, true ]
66 verbose unbuild lib/node_modules/ionic
67 info preuninstall ionic@1.2.13
68 info uninstall ionic@1.2.13
69 verbose unbuild rmStuff ionic@1.2.13 from /usr/local/lib/node_modules
70 verbose gentlyRm verifying that /usr/local is managed by npm
71 silly isManaged /usr/local is not inside /usr/local/lib/node_modules
72 silly isManaged /usr/local is not inside /usr/local/lib/node_modules
73 silly isManaged /usr/local is not inside /usr/local/bin
74 silly isManaged /usr/local is inside /usr/local
75 silly gentlyRm /usr/local is managed by npm
76 silly gentlyRm /usr/local/bin/ionic is under /usr/local
77 verbose gentlyRm vacuuming /usr/local/bin/ionic up to /usr/local
78 info postuninstall ionic@1.2.13
79 verbose gentlyRm vacuuming /usr/local/lib/node_modules/ionic
80 silly gentlyRm purging /usr/local/lib/node_modules/ionic
81 error error rolling back Error: EACCES, unlink '/usr/local/lib/node_modules/ionic'
81 error error rolling back  { [Error: EACCES, unlink '/usr/local/lib/node_modules/ionic']
81 error error rolling back   errno: 3,
81 error error rolling back   code: 'EACCES',
81 error error rolling back   path: '/usr/local/lib/node_modules/ionic' }
